Mar 25 16:03:32  [info] $Fatal Error Details = Array
(
    [message] =>  is not of the type Positive
    [code] => 
)


Mar 25 16:03:32  [info] $backTrace = #0 /Users/macowner/Dropbox/MAMP/brechtforum.org/sites/all/modules/civicrm/CRM/Core/Error.php(322): CRM_Core_Error::backtrace("backTrace", TRUE)
#1 /Users/macowner/Dropbox/MAMP/brechtforum.org/sites/all/modules/civicrm/CRM/Utils/Type.php(229): CRM_Core_Error::fatal(" is not of the type Positive")
#2 /Users/macowner/Dropbox/MAMP/brechtforum.org/sites/all/modules/civicrm/CRM/Contact/Page/AJAX.php(892): CRM_Utils_Type::escape(NULL, "Positive")
#3 [internal function](): CRM_Contact_Page_AJAX::dashboard((Array:3))
#4 /Users/macowner/Dropbox/MAMP/brechtforum.org/sites/all/modules/civicrm/CRM/Core/Invoke.php(289): call_user_func((Array:2), (Array:3))
#5 /Users/macowner/Dropbox/MAMP/brechtforum.org/sites/all/modules/civicrm/CRM/Core/Invoke.php(72): CRM_Core_Invoke::runItem((Array:12))
#6 /Users/macowner/Dropbox/MAMP/brechtforum.org/sites/all/modules/civicrm/CRM/Core/Invoke.php(52): CRM_Core_Invoke::_invoke((Array:3))
#7 /Users/macowner/Dropbox/MAMP/brechtforum.org/sites/all/modules/civicrm/drupal/civicrm.module(456): CRM_Core_Invoke::invoke((Array:3))
#8 [internal function](): civicrm_invoke("ajax", "dashboard")
#9 /Users/macowner/Dropbox/MAMP/brechtforum.org/includes/menu.inc(517): call_user_func_array("civicrm_invoke", (Array:2))
#10 /Users/macowner/Dropbox/MAMP/brechtforum.org/index.php(21): menu_execute_active_handler()
#11 {main}


Mar 30 02:31:39  [info] $Fatal Error Details = Array
(
    [message] =>  is not of the type Positive
    [code] => 
)


Mar 30 02:31:39  [info] $backTrace = #0 /Users/macowner/Dropbox/MAMP/brechtforum.org/sites/all/modules/civicrm/CRM/Core/Error.php(322): CRM_Core_Error::backtrace("backTrace", TRUE)
#1 /Users/macowner/Dropbox/MAMP/brechtforum.org/sites/all/modules/civicrm/CRM/Utils/Type.php(229): CRM_Core_Error::fatal(" is not of the type Positive")
#2 /Users/macowner/Dropbox/MAMP/brechtforum.org/sites/all/modules/civicrm/CRM/Contact/Page/AJAX.php(892): CRM_Utils_Type::escape(NULL, "Positive")
#3 [internal function](): CRM_Contact_Page_AJAX::dashboard((Array:3))
#4 /Users/macowner/Dropbox/MAMP/brechtforum.org/sites/all/modules/civicrm/CRM/Core/Invoke.php(289): call_user_func((Array:2), (Array:3))
#5 /Users/macowner/Dropbox/MAMP/brechtforum.org/sites/all/modules/civicrm/CRM/Core/Invoke.php(72): CRM_Core_Invoke::runItem((Array:12))
#6 /Users/macowner/Dropbox/MAMP/brechtforum.org/sites/all/modules/civicrm/CRM/Core/Invoke.php(52): CRM_Core_Invoke::_invoke((Array:3))
#7 /Users/macowner/Dropbox/MAMP/brechtforum.org/sites/all/modules/civicrm/drupal/civicrm.module(456): CRM_Core_Invoke::invoke((Array:3))
#8 [internal function](): civicrm_invoke("ajax", "dashboard")
#9 /Users/macowner/Dropbox/MAMP/brechtforum.org/includes/menu.inc(517): call_user_func_array("civicrm_invoke", (Array:2))
#10 /Users/macowner/Dropbox/MAMP/brechtforum.org/index.php(21): menu_execute_active_handler()
#11 {main}


